[0m[[0m[0mdebug[0m] [0m[0m> Exec(reload, None, Some(CommandSource(console0)))[0m
[0m[[0m[0mdebug[0m] [0m[0m> Exec(sbtStashOnFailure, None, Some(CommandSource(console0)))[0m
[0m[[0m[0mdebug[0m] [0m[0m> Exec(onFailure loadFailed, None, Some(CommandSource(console0)))[0m
[0m[[0m[0mdebug[0m] [0m[0m> Exec(loadp, None, Some(CommandSource(console0)))[0m
[0m[[0m[0minfo[0m] [0m[0mwelcome to sbt 1.12.10 (Arch Linux Java 17.0.19)[0m
[0m[[0m[0mdebug[0m] [0m[0m                              Load.defaultLoad until apply took 0.91809ms[0m
[0m[[0m[0mdebug[0m] [0m[0m                                        Load.loadUnit: plugins took 6.352213ms[0m
[0m[[0m[0mdebug[0m] [0m[0m                                        Load.loadUnit: defsScala took 0.002355ms[0m
[0m[[0m[0mdebug[0m] [0m[0m[Loading] Scanning directory /home/zb/Main/VALAIS/ANNO2/SEM4/FuncProg/FunkProg/src/Wikistogram/project[0m
[0m[[0m[0mdebug[0m] [0m[0m[Loading] Found non-root projects [0m
[0m[[0m[0mdebug[0m] [0m[0m[Loading] Done in /home/zb/Main/VALAIS/ANNO2/SEM4/FuncProg/FunkProg/src/Wikistogram/project, returning: ()[0m
[0m[[0m[0mdebug[0m] [0m[0mdeducing auto plugins based on known facts Set(Atom(sbt.plugins.CorePlugin)) and clauses Clauses(Clause(Atom(sbt.plugins.JvmPlugin),Set(Atom(sbt.plugins.IvyPlugin)))[0m
[0m[[0m[0mdebug[0m] [0m[0mClause(Atom(sbt.ScriptedPlugin),Set(Atom(sbt.plugins.JvmPlugin)))[0m
[0m[[0m[0mdebug[0m] [0m[0mClause(Atom(sbt.plugins.SbtPlugin),Set(Atom(sbt.ScriptedPlugin)))[0m
[0m[[0m[0mdebug[0m] [0m[0mClause(Atom(sbt.plugins.SemanticdbPlugin),Set(Atom(sbt.plugins.JvmPlugin)))[0m
[0m[[0m[0mdebug[0m] [0m[0mClause(Atom(sbt.plugins.JUnitXmlReportPlugin),Set(Atom(sbt.plugins.JvmPlugin)))[0m
[0m[[0m[0mdebug[0m] [0m[0mClause(Atom(sbt.plugins.MiniDependencyTreePlugin),Set(Atom(sbt.plugins.JvmPlugin)))[0m
[0m[[0m[0mdebug[0m] [0m[0mClause(Atom(sbt.plugins.CorePlugin),Set(Atom(sbt.plugins.IvyPlugin)))[0m
[0m[[0m[0mdebug[0m] [0m[0mClause(Atom(sbt.plugins.IvyPlugin),Set(Atom(sbt.plugins.JvmPlugin)))[0m
[0m[[0m[0mdebug[0m] [0m[0mClause(Atom(sbt.plugins.JvmPlugin),Set(Atom(sbt.plugins.SemanticdbPlugin)))[0m
[0m[[0m[0mdebug[0m] [0m[0mClause(Atom(sbt.plugins.JvmPlugin),Set(Atom(sbt.plugins.JUnitXmlReportPlugin)))[0m
[0m[[0m[0mdebug[0m] [0m[0mClause(Atom(sbt.plugins.CorePlugin),Set(Atom(sbt.plugins.Giter8TemplatePlugin)))[0m
[0m[[0m[0mdebug[0m] [0m[0mClause(Atom(sbt.plugins.JvmPlugin),Set(Atom(sbt.plugins.MiniDependencyTreePlugin))))[0m
[0m[[0m[0mdebug[0m] [0m[0m  :: deduced result: Matched(sbt.plugins.CorePlugin,sbt.plugins.Giter8TemplatePlugin,sbt.plugins.IvyPlugin,sbt.plugins.JvmPlugin,sbt.plugins.MiniDependencyTreePlugin,sbt.plugins.JUnitXmlReportPlugin,sbt.plugins.SemanticdbPlugin)[0m
[0m[[0m[0mdebug[0m] [0m[0mPlugins.deducer#function took 0.690065 ms[0m
[0m[[0m[0mdebug[0m] [0m[0m                                            Load.resolveProject(wikistogram-build) took 0.516108ms[0m
[0m[[0m[0mdebug[0m] [0m[0m                                          Load.loadTransitive: finalizeProject(Project(id wikistogram-build, base: /home/zb/Main/VALAIS/ANNO2/SEM4/FuncProg/FunkProg/src/Wikistogram/project, plugins: List(<none>))) took 1.438514ms[0m
[0m[[0m[0mdebug[0m] [0m[0m[Loading] Done in /home/zb/Main/VALAIS/ANNO2/SEM4/FuncProg/FunkProg/src/Wikistogram/project, returning: (wikistogram-build)[0m
[0m[[0m[0mdebug[0m] [0m[0m                                        Load.loadUnit: loadedProjectsRaw took 1.935727ms[0m
[0m[[0m[0mdebug[0m] [0m[0m                                        Load.loadUnit: cleanEvalClasses took 0.006664ms[0m
[0m[[0m[0mdebug[0m] [0m[0m                                      Load.loadUnit(file:/home/zb/Main/VALAIS/ANNO2/SEM4/FuncProg/FunkProg/src/Wikistogram/project/, ...) took 8.49568ms[0m
[0m[[0m[0mdebug[0m] [0m[0m                                    Load.apply: load took 8.891384ms[0m
[0m[[0m[0mdebug[0m] [0m[0m                                    Load.apply: resolveProjects took 0.065102ms[0m
[0m[[0m[0mdebug[0m] [0m[0m                                    Load.apply: finalTransforms took 3.413614ms[0m
[0m[[0m[0mdebug[0m] [0m[0m                                    Load.apply: config.delegates took 0.201338ms[0m
[0m[[0m[0mdebug[0m] [0m[0m                                    Load.apply: Def.make(settings)... took 24.906716ms[0m
[0m[[0m[0mdebug[0m] [0m[0m                                    Load.apply: structureIndex took 5.442041ms[0m
[0m[[0m[0mdebug[0m] [0m[0m                                    Load.apply: mkStreams took 0.001639ms[0m
[0m[[0m[0minfo[0m] [0m[0mloading project definition from /home/zb/Main/VALAIS/ANNO2/SEM4/FuncProg/FunkProg/src/Wikistogram/project[0m
[0m[[0m[0mdebug[0m] [0m[0mRunning task... Cancel: Signal, check cycles: false, forcegc: true[0m
[0m[[0m[0mdebug[0m] [0m[0m                                  Load.loadUnit: plugins took 70.585456ms[0m
[0m[[0m[0mdebug[0m] [0m[0m                                  Load.loadUnit: defsScala took 0.003123ms[0m
[0m[[0m[0mdebug[0m] [0m[0m[Loading] Scanning directory /home/zb/Main/VALAIS/ANNO2/SEM4/FuncProg/FunkProg/src/Wikistogram[0m
[0m[[0m[0mdebug[0m] [0m[0m                                    Load.loadUnit: mkEval took 0.113204ms[0m
[0m[[0m[0mdebug[0m] [0m[0m[Loading] Found non-root projects [0m
[0m[[0m[0mdebug[0m] [0m[0m[Loading] Done in /home/zb/Main/VALAIS/ANNO2/SEM4/FuncProg/FunkProg/src/Wikistogram, returning: ()[0m
[0m[[0m[0mdebug[0m] [0m[0mdeducing auto plugins based on known facts Set(Atom(sbt.plugins.CorePlugin)) and clauses Clauses(Clause(Atom(sbt.plugins.JvmPlugin),Set(Atom(sbt.plugins.IvyPlugin)))[0m
[0m[[0m[0mdebug[0m] [0m[0mClause(Atom(sbt.ScriptedPlugin),Set(Atom(sbt.plugins.JvmPlugin)))[0m
[0m[[0m[0mdebug[0m] [0m[0mClause(Atom(sbt.plugins.SbtPlugin),Set(Atom(sbt.ScriptedPlugin)))[0m
[0m[[0m[0mdebug[0m] [0m[0mClause(Atom(sbt.plugins.SemanticdbPlugin),Set(Atom(sbt.plugins.JvmPlugin)))[0m
[0m[[0m[0mdebug[0m] [0m[0mClause(Atom(sbt.plugins.JUnitXmlReportPlugin),Set(Atom(sbt.plugins.JvmPlugin)))[0m
[0m[[0m[0mdebug[0m] [0m[0mClause(Atom(sbt.plugins.MiniDependencyTreePlugin),Set(Atom(sbt.plugins.JvmPlugin)))[0m
[0m[[0m[0mdebug[0m] [0m[0mClause(Atom(sbt.plugins.CorePlugin),Set(Atom(sbt.plugins.IvyPlugin)))[0m
[0m[[0m[0mdebug[0m] [0m[0mClause(Atom(sbt.plugins.IvyPlugin),Set(Atom(sbt.plugins.JvmPlugin)))[0m
[0m[[0m[0mdebug[0m] [0m[0mClause(Atom(sbt.plugins.JvmPlugin),Set(Atom(sbt.plugins.SemanticdbPlugin)))[0m
[0m[[0m[0mdebug[0m] [0m[0mClause(Atom(sbt.plugins.JvmPlugin),Set(Atom(sbt.plugins.JUnitXmlReportPlugin)))[0m
[0m[[0m[0mdebug[0m] [0m[0mClause(Atom(sbt.plugins.CorePlugin),Set(Atom(sbt.plugins.Giter8TemplatePlugin)))[0m
[0m[[0m[0mdebug[0m] [0m[0mClause(Atom(sbt.plugins.JvmPlugin),Set(Atom(sbt.plugins.MiniDependencyTreePlugin))))[0m
[0m[[0m[0mdebug[0m] [0m[0m  :: deduced result: Matched(sbt.plugins.CorePlugin,sbt.plugins.Giter8TemplatePlugin,sbt.plugins.IvyPlugin,sbt.plugins.JvmPlugin,sbt.plugins.MiniDependencyTreePlugin,sbt.plugins.JUnitXmlReportPlugin,sbt.plugins.SemanticdbPlugin)[0m
[0m[[0m[0mdebug[0m] [0m[0mPlugins.deducer#function took 0.357567 ms[0m
[0m[[0m[0minfo[0m] [0m[0mloading settings for project wikistogram from build.sbt...[0m
[0m[[0m[0mdebug[0m] [0m[0m                                      Load.resolveProject(wikistogram) took 0.468493ms[0m
[0m[[0m[0mdebug[0m] [0m[0m                                    Load.loadTransitive: finalizeProject(Project(id wikistogram, base: /home/zb/Main/VALAIS/ANNO2/SEM4/FuncProg/FunkProg/src/Wikistogram, plugins: List(<none>))) took 0.970542ms[0m
[0m[[0m[0mdebug[0m] [0m[0m[Loading] Done in /home/zb/Main/VALAIS/ANNO2/SEM4/FuncProg/FunkProg/src/Wikistogram, returning: (wikistogram)[0m
[0m[[0m[0mdebug[0m] [0m[0m                                  Load.loadUnit: loadedProjectsRaw took 7.096997ms[0m
[0m[[0m[0mdebug[0m] [0m[0m                                  Load.loadUnit: cleanEvalClasses took 0.174039ms[0m
[0m[[0m[0mdebug[0m] [0m[0m                                Load.loadUnit(file:/home/zb/Main/VALAIS/ANNO2/SEM4/FuncProg/FunkProg/src/Wikistogram/, ...) took 78.077706ms[0m
[0m[[0m[0mdebug[0m] [0m[0m                              Load.apply: load took 78.493615ms[0m
[0m[[0m[0mdebug[0m] [0m[0m                              Load.apply: resolveProjects took 0.039913ms[0m
[0m[[0m[0mdebug[0m] [0m[0m                              Load.apply: finalTransforms took 1.926663ms[0m
[0m[[0m[0mdebug[0m] [0m[0m                              Load.apply: config.delegates took 0.096285ms[0m
[0m[[0m[0mdebug[0m] [0m[0m                              Load.apply: Def.make(settings)... took 22.423637ms[0m
[0m[[0m[0mdebug[0m] [0m[0m                              Load.apply: structureIndex took 8.804572ms[0m
[0m[[0m[0mdebug[0m] [0m[0m                              Load.apply: mkStreams took 0.002217ms[0m
[0m[[0m[0minfo[0m] [0m[0mset current project to wikistogram (in build file:/home/zb/Main/VALAIS/ANNO2/SEM4/FuncProg/FunkProg/src/Wikistogram/)[0m
[0m[[0m[0mdebug[0m] [0m[0mRunning task... Cancel: Signal, check cycles: false, forcegc: true[0m
[0m[[0m[33mwarn[0m] [0m[0mscalaVersion for subproject wikistogram fell back to a default value 2.12.21; declare it explicitly in build.sbt:[0m
[0m[[0m[33mwarn[0m] [0m[0m  scalaVersion := "2.12.21"[0m
[0m[[0m[0mdebug[0m] [0m[0m> Exec(sbtPopOnFailure, None, Some(CommandSource(console0)))[0m
[0m[[0m[0mdebug[0m] [0m[0m> Exec(resumeFromFailure, None, Some(CommandSource(console0)))[0m
[0m[[0m[0mdebug[0m] [0m[0m> Exec(resumeFromFailure, None, Some(CommandSource(console0)))[0m
[0m[[0m[0mdebug[0m] [0m[0m> Exec(resumeFromFailure, None, Some(CommandSource(console0)))[0m
[0m[[0m[0mdebug[0m] [0m[0m> Exec(resumeFromFailure, None, Some(CommandSource(console0)))[0m
[0m[[0m[0mdebug[0m] [0m[0m> Exec(resumeFromFailure, None, Some(CommandSource(console0)))[0m
[0m[[0m[0mdebug[0m] [0m[0m> Exec(resumeFromFailure, None, Some(CommandSource(console0)))[0m
[0m[[0m[0mdebug[0m] [0m[0m> Exec(shell, None, None)[0m
[0m[[0m[0minfo[0m] [0m[0mshutting down sbt server[0m
